Arguments: 
  /usr/local/bin/node /usr/local/bin/yarn ls --depth 0 --json

PATH: 
  /Users/jiabinbin/.rvm/gems/ruby-3.0.0/bin:/Users/jiabinbin/.rvm/gems/ruby-3.0.0@global/bin:/Users/jiabinbin/.rvm/rubies/ruby-3.0.0/bin:/Users/jiabinbin/development/flutter/bin:/Users/jiabinbin/.yarn/bin:/Users/jiabinbin/.config/yarn/global/node_modules/.bin:/usr/local/bin:/usr/bin:/bin:/usr/sbin:/sbin:/Library/TeX/texbin:/usr/local/go/bin:/Library/Apple/usr/bin:/Users/jiabinbin/.rvm/bin

Yarn version: 
  1.22.17

Node version: 
  17.2.0

Platform: 
  darwin x64

Trace: 
  SyntaxError: /Users/jiabinbin/myself/open_source/vc-view/package.json: Unexpected string in JSON at position 397
      at JSON.parse (<anonymous>)
      at /usr/local/lib/node_modules/yarn/lib/cli.js:1625:59
      at Generator.next (<anonymous>)
      at step (/usr/local/lib/node_modules/yarn/lib/cli.js:310:30)
      at /usr/local/lib/node_modules/yarn/lib/cli.js:321:13

npm manifest: 
  {
    "name": "vc-view/monorepo",
    "version": "1.0.0",
    "description": "",
    "scripts": {
      "preinstall": "npx only-allow pnpm",
      "lint:eslint": "eslint --cache --max-warnings 0  \"./**/*.{vue,ts,tsx}\" --fix",
      "lint:prettier": "prettier --write  \"./**/*.{js,ts,json,tsx,css,less,scss,vue,html,md}\"",
      "tsc:naive": "pnpm -C ./vc-naive tsc:naive",
      "dev": "pnpm -C ./docs docs:dev"",
      "build:vc-naive": "pnpm -C ./vc-naive build:naive"
    },
    "keywords": [],
    "author": "",
    "license": "MIT",
    "devDependencies": {
      "@types/lodash": "^4.14.178",
      "@types/node": "^17.0.8",
      "@vc-view/docs": "workspace:*",
      "@vc-view/vc-ant": "workspace:*",
      "@vc-view/vc-naive": "workspace:^1.0.0",
      "@vitejs/plugin-vue": "^2.0.1",
      "@vitejs/plugin-vue-jsx": "^1.3.3",
      "@vue/compiler-sfc": "^3.2.26",
      "@vue/eslint-config-prettier": "^7.0.0",
      "@vue/eslint-config-typescript": "^10.0.0",
      "ant-design-vue": "^3.0.0-beta.7",
      "element-plus": "^1.2.0-beta.6",
      "eslint": "^8.6.0",
      "eslint-define-config": "^1.2.2",
      "eslint-plugin-prettier": "^4.0.0",
      "eslint-plugin-vue": "^8.2.0",
      "less": "^4.1.2",
      "lodash-es": "^4.17.21",
      "naive-ui": "^2.24.1",
      "prettier": "^2.5.1",
      "rimraf": "^3.0.2",
      "typescript": "^4.5.4",
      "vite": "^2.7.10",
      "vite-plugin-dts": "^0.9.9",
      "vue": "^3.2.26",
      "vue-tsc": "^0.29.8"
    }
  }

yarn manifest: 
  No manifest

Lockfile: 
  No lockfile
