{
  "0 debug pnpm:scope": {
    "selected": 1,
    "workspacePrefix": "E:\\myself\\vc-view"
  },
  "1 error pnpm": {
    "errno": 1,
    "code": "ELIFECYCLE",
    "pkgid": "@vc-view/vc-naive@1.0.01",
    "stage": "publish:vc-naive",
    "script": "npm publish --access public",
    "pkgname": "@vc-view/vc-naive",
    "err": {
      "name": "pnpm",
      "message": "@vc-view/vc-naive@1.0.01 publish:vc-naive: `npm publish --access public`\nExit status 1",
      "code": "ELIFECYCLE",
      "stack": "pnpm: @vc-view/vc-naive@1.0.01 publish:vc-naive: `npm publish --access public`\nExit status 1\n    at EventEmitter.<anonymous> (C:\\Users\\Jobin\\AppData\\Roaming\\npm\\node_modules\\pnpm\\dist\\pnpm.cjs:103540:20)\n    at EventEmitter.emit (node:events:390:28)\n    at ChildProcess.<anonymous> (C:\\Users\\Jobin\\AppData\\Roaming\\npm\\node_modules\\pnpm\\dist\\pnpm.cjs:91469:18)\n    at ChildProcess.emit (node:events:390:28)\n    at maybeClose (node:internal/child_process:1062:16)\n    at Process.ChildProcess._handle.onexit (node:internal/child_process:301:5)"
    }
  },
  "2 warn pnpm:global": " Local package.json exists, but node_modules missing, did you mean to install?"
}